<html>
<head>
<title>TestNG:  Surefire test</title>
<link href="../testng.css" rel="stylesheet" type="text/css" />
<link href="../my-testng.css" rel="stylesheet" type="text/css" />

<style type="text/css">
.log { display: none;} 
.stack-trace { display: none;} 
</style>
<script type="text/javascript">
<!--
function flip(e) {
  current = e.style.display;
  if (current == 'block') {
    e.style.display = 'none';
    return 0;
  }
  else {
    e.style.display = 'block';
    return 1;
  }
}

function toggleBox(szDivId, elem, msg1, msg2)
{
  var res = -1;  if (document.getElementById) {
    res = flip(document.getElementById(szDivId));
  }
  else if (document.all) {
    // this is the way old msie versions work
    res = flip(document.all[szDivId]);
  }
  if(elem) {
    if(res == 0) elem.innerHTML = msg1; else elem.innerHTML = msg2;
  }

}

function toggleAllBoxes() {
  if (document.getElementsByTagName) {
    d = document.getElementsByTagName('div');
    for (i = 0; i < d.length; i++) {
      if (d[i].className == 'log') {
        flip(d[i]);
      }
    }
  }
}

// -->
</script>

</head>
<body>
<h2 align='center'>Surefire test</h2><table border='1' align="center">
<tr>
<td>Tests passed/Failed/Skipped:</td><td>0/0/4</td>
</tr><tr>
<td>Started on:</td><td>Thu Jan 24 19:37:13 EST 2019</td>
</tr>
<tr><td>Total time:</td><td>0 seconds (29 ms)</td>
</tr><tr>
<td>Included groups:</td><td></td>
</tr><tr>
<td>Excluded groups:</td><td></td>
</tr>
</table><p/>
<small><i>(Hover the method name to see the test class name)</i></small><p/>
<table width='100%' border='1' class='invocation-failed'>
<tr><td colspan='4' align='center'><b>FAILED CONFIGURATIONS</b></td></tr>
<tr><td><b>Test method</b></td>
<td width="30%"><b>Exception</b></td>
<td width="10%"><b>Time (seconds)</b></td>
<td><b>Instance</b></td>
</tr>
<tr>
<td title='UICatalogTests.ButtonsTest.setUp()'><b>setUp</b><br>Test class: UICatalogTests.ButtonsTest</td>
<td><div><pre>org.testng.TestNGException: 
Parameter &apos;OS&apos; is required by @Configuration on method setUp but has not been marked @Optional or defined

... Removed 28 stack frames</pre></div><a href='#' onClick='toggleBox("stack-trace1121647253", this, "Click to show all stack frames", "Click to hide stack frames")'>Click to show all stack frames</a>
<div class='stack-trace' id='stack-trace1121647253'><pre>org.testng.TestNGException: 
Parameter &apos;OS&apos; is required by @Configuration on method setUp but has not been marked @Optional or defined

	at org.testng.internal.Parameters.createParameters(Parameters.java:148)
	at org.testng.internal.Parameters.createParameters(Parameters.java:361)
	at org.testng.internal.Parameters.createConfigurationParameters(Parameters.java:84)
	at org.testng.internal.Invoker.invokeConfigurations(Invoker.java:197)
	at org.testng.internal.Invoker.invokeMethod(Invoker.java:585)
	at org.testng.internal.Invoker.invokeTestMethod(Invoker.java:821)
	at org.testng.internal.Invoker.invokeTestMethods(Invoker.java:1131)
	at org.testng.internal.TestMethodWorker.invokeTestMethods(TestMethodWorker.java:124)
	at org.testng.internal.TestMethodWorker.run(TestMethodWorker.java:108)
	at org.testng.TestRunner.privateRun(TestRunner.java:773)
	at org.testng.TestRunner.run(TestRunner.java:623)
	at org.testng.SuiteRunner.runTest(SuiteRunner.java:357)
	at org.testng.SuiteRunner.runSequentially(SuiteRunner.java:352)
	at org.testng.SuiteRunner.privateRun(SuiteRunner.java:310)
	at org.testng.SuiteRunner.run(SuiteRunner.java:259)
	at org.testng.SuiteRunnerWorker.runSuite(SuiteRunnerWorker.java:52)
	at org.testng.SuiteRunnerWorker.run(SuiteRunnerWorker.java:86)
	at org.testng.TestNG.runSuitesSequentially(TestNG.java:1185)
	at org.testng.TestNG.runSuitesLocally(TestNG.java:1110)
	at org.testng.TestNG.run(TestNG.java:1018)
	at org.apache.maven.surefire.testng.TestNGExecutor.run(TestNGExecutor.java:135)
	at org.apache.maven.surefire.testng.TestNGDirectoryTestSuite.executeMulti(TestNGDirectoryTestSuite.java:193)
	at org.apache.maven.surefire.testng.TestNGDirectoryTestSuite.execute(TestNGDirectoryTestSuite.java:94)
	at org.apache.maven.surefire.testng.TestNGProvider.invoke(TestNGProvider.java:146)
	at org.apache.maven.surefire.booter.ForkedBooter.invokeProviderInSameClassLoader(ForkedBooter.java:373)
	at org.apache.maven.surefire.booter.ForkedBooter.runSuitesInProcess(ForkedBooter.java:334)
	at org.apache.maven.surefire.booter.ForkedBooter.execute(ForkedBooter.java:119)
	at org.apache.maven.surefire.booter.ForkedBooter.main(ForkedBooter.java:407)
</pre></div></td>
<td>0</td>
<td>UICatalogTests.ButtonsTest@457e2f02</td></tr>
</table><p>
<table width='100%' border='1' class='invocation-skipped'>
<tr><td colspan='4' align='center'><b>SKIPPED CONFIGURATIONS</b></td></tr>
<tr><td><b>Test method</b></td>
<td width="30%"><b>Exception</b></td>
<td width="10%"><b>Time (seconds)</b></td>
<td><b>Instance</b></td>
</tr>
<tr>
<td title='UICatalogTests.ButtonsTest.navigate()'><b>navigate</b><br>Test class: UICatalogTests.ButtonsTest</td>
<td></td>
<td>0</td>
<td>UICatalogTests.ButtonsTest@457e2f02</td></tr>
<tr>
<td title='UICatalogTests.ButtonsTest.setUp()'><b>setUp</b><br>Test class: UICatalogTests.ButtonsTest</td>
<td></td>
<td>0</td>
<td>UICatalogTests.ButtonsTest@457e2f02</td></tr>
<tr>
<td title='UICatalogTests.ButtonsTest.navigate()'><b>navigate</b><br>Test class: UICatalogTests.ButtonsTest</td>
<td></td>
<td>0</td>
<td>UICatalogTests.ButtonsTest@457e2f02</td></tr>
<tr>
<td title='ButtonsTest.ButtonsTest.setUp()'><b>setUp</b><br>Test class: ButtonsTest.ButtonsTest</td>
<td></td>
<td>0</td>
<td>ButtonsTest.ButtonsTest@1d057a39</td></tr>
<tr>
<td title='ButtonsTest.ButtonsTest.navigate()'><b>navigate</b><br>Test class: ButtonsTest.ButtonsTest</td>
<td></td>
<td>0</td>
<td>ButtonsTest.ButtonsTest@1d057a39</td></tr>
<tr>
<td title='ButtonsTest.ButtonsTest.setUp()'><b>setUp</b><br>Test class: ButtonsTest.ButtonsTest</td>
<td></td>
<td>0</td>
<td>ButtonsTest.ButtonsTest@1d057a39</td></tr>
<tr>
<td title='ButtonsTest.ButtonsTest.navigate()'><b>navigate</b><br>Test class: ButtonsTest.ButtonsTest</td>
<td></td>
<td>0</td>
<td>ButtonsTest.ButtonsTest@1d057a39</td></tr>
<tr>
<td title='UICatalogTests.ButtonsTest.cleanUpApp()'><b>cleanUpApp</b><br>Test class: UICatalogTests.ButtonsTest</td>
<td></td>
<td>0</td>
<td>UICatalogTests.ButtonsTest@457e2f02</td></tr>
<tr>
<td title='UICatalogTests.ButtonsTest.cleanUpApp()'><b>cleanUpApp</b><br>Test class: UICatalogTests.ButtonsTest</td>
<td></td>
<td>0</td>
<td>UICatalogTests.ButtonsTest@457e2f02</td></tr>
<tr>
<td title='ButtonsTest.ButtonsTest.cleanUpApp()'><b>cleanUpApp</b><br>Test class: ButtonsTest.ButtonsTest</td>
<td></td>
<td>0</td>
<td>ButtonsTest.ButtonsTest@1d057a39</td></tr>
<tr>
<td title='ButtonsTest.ButtonsTest.cleanUpApp()'><b>cleanUpApp</b><br>Test class: ButtonsTest.ButtonsTest</td>
<td></td>
<td>0</td>
<td>ButtonsTest.ButtonsTest@1d057a39</td></tr>
</table><p>
<table width='100%' border='1' class='invocation-skipped'>
<tr><td colspan='4' align='center'><b>SKIPPED TESTS</b></td></tr>
<tr><td><b>Test method</b></td>
<td width="30%"><b>Exception</b></td>
<td width="10%"><b>Time (seconds)</b></td>
<td><b>Instance</b></td>
</tr>
<tr>
<td title='UICatalogTests.ButtonsTest.buttonsTest()'><b>buttonsTest</b><br>Test class: UICatalogTests.ButtonsTest</td>
<td></td>
<td>0</td>
<td>UICatalogTests.ButtonsTest@457e2f02</td></tr>
<tr>
<td title='ButtonsTest.ButtonsTest.buttonsTest()'><b>buttonsTest</b><br>Test class: ButtonsTest.ButtonsTest</td>
<td></td>
<td>0</td>
<td>ButtonsTest.ButtonsTest@1d057a39</td></tr>
<tr>
<td title='UICatalogTests.ButtonsTest.grayButtonTest()'><b>grayButtonTest</b><br>Test class: UICatalogTests.ButtonsTest</td>
<td></td>
<td>0</td>
<td>UICatalogTests.ButtonsTest@457e2f02</td></tr>
<tr>
<td title='ButtonsTest.ButtonsTest.grayButtonTest()'><b>grayButtonTest</b><br>Test class: ButtonsTest.ButtonsTest</td>
<td></td>
<td>0</td>
<td>ButtonsTest.ButtonsTest@1d057a39</td></tr>
</table><p>
</body>
</html>